10 Mar 2025 18:33:16,266 INFO  org.example.CarsDBRepository 20 <init> - Initializing CarsDBRepository with properties: {} 
10 Mar 2025 18:33:20,764 INFO  org.example.CarsDBRepository 20 <init> - Initializing CarsDBRepository with properties: {} 
10 Mar 2025 18:38:34,909 INFO  org.example.CarsDBRepository 20 <init> - Initializing CarsDBRepository with properties: {} 
10 Mar 2025 18:38:34,927 TRACE org.example.CarsDBRepository 59 add - Enter saving task Id=0 Tesla Model S 2019 
10 Mar 2025 18:38:34,928 TRACE org.example.JdbcUtils 48 getConnection - Enter
10 Mar 2025 18:38:34,928 TRACE org.example.JdbcUtils 25 getNewConnection - Enter
10 Mar 2025 18:38:34,928 INFO  org.example.JdbcUtils 30 getNewConnection - trying to connect to database ... null
10 Mar 2025 18:38:34,933 INFO  org.example.JdbcUtils 31 getNewConnection - user: null
10 Mar 2025 18:38:34,933 INFO  org.example.JdbcUtils 32 getNewConnection - pass: null
10 Mar 2025 18:38:34,935 ERROR org.example.JdbcUtils 41 getNewConnection - java.sql.SQLException: The url cannot be null
10 Mar 2025 18:38:34,937 TRACE org.example.JdbcUtils 57 getConnection - Exit
10 Mar 2025 18:42:09,753 INFO  org.example.CarsDBRepository 20 <init> - Initializing CarsDBRepository with properties: {} 
10 Mar 2025 18:42:09,768 TRACE org.example.CarsDBRepository 59 add - Enter saving task Id=0 Tesla Model S 2019 
10 Mar 2025 18:42:09,768 TRACE org.example.JdbcUtils 48 getConnection - Enter
10 Mar 2025 18:42:09,768 TRACE org.example.JdbcUtils 25 getNewConnection - Enter
10 Mar 2025 18:42:09,768 INFO  org.example.JdbcUtils 30 getNewConnection - trying to connect to database ... null
10 Mar 2025 18:42:09,769 INFO  org.example.JdbcUtils 31 getNewConnection - user: null
10 Mar 2025 18:42:09,769 INFO  org.example.JdbcUtils 32 getNewConnection - pass: null
10 Mar 2025 18:42:09,770 ERROR org.example.JdbcUtils 41 getNewConnection - java.sql.SQLException: The url cannot be null
10 Mar 2025 18:42:09,771 TRACE org.example.JdbcUtils 57 getConnection - Exit
10 Mar 2025 18:43:01,381 INFO  org.example.CarsDBRepository 20 <init> - Initializing CarsDBRepository with properties: {jdbc.url=jdbc:sqlite:F:\an_prelungiri\R_MPP\databases\cars.db} 
10 Mar 2025 18:43:01,393 TRACE org.example.CarsDBRepository 59 add - Enter saving task Id=0 Tesla Model S 2019 
10 Mar 2025 18:43:01,393 TRACE org.example.JdbcUtils 48 getConnection - Enter
10 Mar 2025 18:43:01,393 TRACE org.example.JdbcUtils 25 getNewConnection - Enter
10 Mar 2025 18:43:01,393 INFO  org.example.JdbcUtils 30 getNewConnection - trying to connect to database ... jdbc:sqlite:F:\an_prelungiri\R_MPP\databases\cars.db
10 Mar 2025 18:43:01,394 INFO  org.example.JdbcUtils 31 getNewConnection - user: null
10 Mar 2025 18:43:01,394 INFO  org.example.JdbcUtils 32 getNewConnection - pass: null
10 Mar 2025 18:43:02,255 TRACE org.example.JdbcUtils 57 getConnection - Exit with(org.sqlite.jdbc4.JDBC4Connection@7d900ecf)
10 Mar 2025 18:43:02,270 TRACE org.example.CarsDBRepository 67 add - Saved 1 instances
10 Mar 2025 18:43:02,270 TRACE org.example.CarsDBRepository 74 add - Exit
10 Mar 2025 18:43:02,270 TRACE org.example.CarsDBRepository 85 findAll - Enter
10 Mar 2025 18:43:02,271 TRACE org.example.JdbcUtils 48 getConnection - Enter
10 Mar 2025 18:43:02,271 TRACE org.example.JdbcUtils 57 getConnection - Exit with(org.sqlite.jdbc4.JDBC4Connection@7d900ecf)
10 Mar 2025 18:43:02,273 TRACE org.example.CarsDBRepository 104 findAll - Exit with([Id=1 Dacia Sandero 2019, Id=2 Skoda Octavia 2020, Id=3 Tesla Model S 2019])
10 Mar 2025 18:43:02,274 TRACE org.example.CarsDBRepository 27 findByManufacturer - Enter
10 Mar 2025 18:43:02,274 TRACE org.example.JdbcUtils 48 getConnection - Enter
10 Mar 2025 18:43:02,274 TRACE org.example.JdbcUtils 57 getConnection - Exit with(org.sqlite.jdbc4.JDBC4Connection@7d900ecf)
10 Mar 2025 18:43:02,275 TRACE org.example.CarsDBRepository 46 findByManufacturer - Exit with([])
10 Mar 2025 18:43:31,674 INFO  org.example.CarsDBRepository 20 <init> - Initializing CarsDBRepository with properties: {jdbc.url=jdbc:sqlite:F:\an_prelungiri\R_MPP\databases\cars.db} 
10 Mar 2025 18:43:31,686 TRACE org.example.CarsDBRepository 59 add - Enter saving task Id=0 Tesla Model S 2019 
10 Mar 2025 18:43:31,686 TRACE org.example.JdbcUtils 48 getConnection - Enter
10 Mar 2025 18:43:31,686 TRACE org.example.JdbcUtils 25 getNewConnection - Enter
10 Mar 2025 18:43:31,686 INFO  org.example.JdbcUtils 30 getNewConnection - trying to connect to database ... jdbc:sqlite:F:\an_prelungiri\R_MPP\databases\cars.db
10 Mar 2025 18:43:31,687 INFO  org.example.JdbcUtils 31 getNewConnection - user: null
10 Mar 2025 18:43:31,687 INFO  org.example.JdbcUtils 32 getNewConnection - pass: null
10 Mar 2025 18:43:31,852 TRACE org.example.JdbcUtils 57 getConnection - Exit with(org.sqlite.jdbc4.JDBC4Connection@7d900ecf)
10 Mar 2025 18:43:31,866 TRACE org.example.CarsDBRepository 67 add - Saved 1 instances
10 Mar 2025 18:43:31,866 TRACE org.example.CarsDBRepository 74 add - Exit
10 Mar 2025 18:43:31,866 TRACE org.example.CarsDBRepository 85 findAll - Enter
10 Mar 2025 18:43:31,867 TRACE org.example.JdbcUtils 48 getConnection - Enter
10 Mar 2025 18:43:31,867 TRACE org.example.JdbcUtils 57 getConnection - Exit with(org.sqlite.jdbc4.JDBC4Connection@7d900ecf)
10 Mar 2025 18:43:31,870 TRACE org.example.CarsDBRepository 104 findAll - Exit with([Id=1 Dacia Sandero 2019, Id=2 Skoda Octavia 2020, Id=3 Tesla Model S 2019, Id=4 Tesla Model S 2019])
10 Mar 2025 18:43:31,871 TRACE org.example.CarsDBRepository 27 findByManufacturer - Enter
10 Mar 2025 18:43:31,871 TRACE org.example.JdbcUtils 48 getConnection - Enter
10 Mar 2025 18:43:31,871 TRACE org.example.JdbcUtils 57 getConnection - Exit with(org.sqlite.jdbc4.JDBC4Connection@7d900ecf)
10 Mar 2025 18:43:31,871 TRACE org.example.CarsDBRepository 46 findByManufacturer - Exit with([])
10 Mar 2025 18:46:26,809 INFO  org.example.CarsDBRepository 20 <init> - Initializing CarsDBRepository with properties: {jdbc.url=jdbc:sqlite:F:\an_prelungiri\R_MPP\databases\cars.db} 
10 Mar 2025 18:46:26,817 TRACE org.example.CarsDBRepository 27 findByManufacturer - Enter
10 Mar 2025 18:46:26,817 TRACE org.example.JdbcUtils 48 getConnection - Enter
10 Mar 2025 18:46:26,817 TRACE org.example.JdbcUtils 25 getNewConnection - Enter
10 Mar 2025 18:46:26,818 INFO  org.example.JdbcUtils 30 getNewConnection - trying to connect to database ... jdbc:sqlite:F:\an_prelungiri\R_MPP\databases\cars.db
10 Mar 2025 18:46:26,818 INFO  org.example.JdbcUtils 31 getNewConnection - user: null
10 Mar 2025 18:46:26,818 INFO  org.example.JdbcUtils 32 getNewConnection - pass: null
10 Mar 2025 18:46:26,981 TRACE org.example.JdbcUtils 57 getConnection - Exit with(org.sqlite.jdbc4.JDBC4Connection@52f27fbd)
10 Mar 2025 18:46:26,987 TRACE org.example.CarsDBRepository 46 findByManufacturer - Exit with([])
10 Mar 2025 18:46:26,992 TRACE org.example.CarsDBRepository 59 add - Enter saving task Id=0 Tesla Model S 2019 
10 Mar 2025 18:46:26,993 TRACE org.example.JdbcUtils 48 getConnection - Enter
10 Mar 2025 18:46:26,993 TRACE org.example.JdbcUtils 57 getConnection - Exit with(org.sqlite.jdbc4.JDBC4Connection@52f27fbd)
10 Mar 2025 18:46:27,003 TRACE org.example.CarsDBRepository 67 add - Saved 1 instances
10 Mar 2025 18:46:27,003 TRACE org.example.CarsDBRepository 74 add - Exit
10 Mar 2025 18:46:27,003 TRACE org.example.CarsDBRepository 85 findAll - Enter
10 Mar 2025 18:46:27,004 TRACE org.example.JdbcUtils 48 getConnection - Enter
10 Mar 2025 18:46:27,004 TRACE org.example.JdbcUtils 57 getConnection - Exit with(org.sqlite.jdbc4.JDBC4Connection@52f27fbd)
10 Mar 2025 18:46:27,006 TRACE org.example.CarsDBRepository 104 findAll - Exit with([Id=1 Dacia Sandero 2019, Id=2 Skoda Octavia 2020, Id=3 Tesla Model S 2019, Id=5 Tesla Model S 2019])
10 Mar 2025 18:46:27,006 TRACE org.example.CarsDBRepository 27 findByManufacturer - Enter
10 Mar 2025 18:46:27,006 TRACE org.example.JdbcUtils 48 getConnection - Enter
10 Mar 2025 18:46:27,007 TRACE org.example.JdbcUtils 57 getConnection - Exit with(org.sqlite.jdbc4.JDBC4Connection@52f27fbd)
10 Mar 2025 18:46:27,007 TRACE org.example.CarsDBRepository 46 findByManufacturer - Exit with([])
10 Mar 2025 18:49:56,024 INFO  org.example.CarsDBRepository 18 <init> - Initializing CarsDBRepository with properties: {jdbc.url=jdbc:sqlite:F:\an_prelungiri\R_MPP\databases\cars.db} 
10 Mar 2025 18:49:56,031 TRACE org.example.CarsDBRepository 25 findByManufacturer - Enter
10 Mar 2025 18:49:56,031 TRACE org.example.JdbcUtils 48 getConnection - Enter
10 Mar 2025 18:49:56,031 TRACE org.example.JdbcUtils 25 getNewConnection - Enter
10 Mar 2025 18:49:56,031 INFO  org.example.JdbcUtils 30 getNewConnection - trying to connect to database ... jdbc:sqlite:F:\an_prelungiri\R_MPP\databases\cars.db
10 Mar 2025 18:49:56,032 INFO  org.example.JdbcUtils 31 getNewConnection - user: null
10 Mar 2025 18:49:56,032 INFO  org.example.JdbcUtils 32 getNewConnection - pass: null
10 Mar 2025 18:49:56,199 TRACE org.example.JdbcUtils 57 getConnection - Exit with(org.sqlite.jdbc4.JDBC4Connection@52f27fbd)
10 Mar 2025 18:49:56,211 TRACE org.example.CarsDBRepository 45 findByManufacturer - Exit with([Id=3 Tesla Model S 2019])
10 Mar 2025 18:49:56,211 TRACE org.example.CarsDBRepository 84 findAll - Enter
10 Mar 2025 18:49:56,211 TRACE org.example.JdbcUtils 48 getConnection - Enter
10 Mar 2025 18:49:56,211 TRACE org.example.JdbcUtils 57 getConnection - Exit with(org.sqlite.jdbc4.JDBC4Connection@52f27fbd)
10 Mar 2025 18:49:56,212 TRACE org.example.CarsDBRepository 103 findAll - Exit with([Id=1 Dacia Sandero 2019, Id=2 Skoda Octavia 2020, Id=3 Tesla Model S 2019])
10 Mar 2025 18:49:56,212 TRACE org.example.CarsDBRepository 25 findByManufacturer - Enter
10 Mar 2025 18:49:56,213 TRACE org.example.JdbcUtils 48 getConnection - Enter
10 Mar 2025 18:49:56,213 TRACE org.example.JdbcUtils 57 getConnection - Exit with(org.sqlite.jdbc4.JDBC4Connection@52f27fbd)
10 Mar 2025 18:49:56,213 TRACE org.example.CarsDBRepository 45 findByManufacturer - Exit with([Id=3 Tesla Model S 2019])
